<?xml version="1.0" encoding="utf-8"?><testsuites name="pytest tests"><testsuite name="pytest" errors="0" failures="0" skipped="0" tests="26" time="3.955" timestamp="2026-06-04T17:39:41.516159+00:00" hostname="agent-env-370154a6-48de-4463-baee-b39cefe469b6"><testcase classname="backend.tests.backend_test" name="test_health" time="0.142" /><testcase classname="backend.tests.backend_test.TestAuth" name="test_register_creates_student" time="0.281" /><testcase classname="backend.tests.backend_test.TestAuth" name="test_admin_login" time="0.270" /><testcase classname="backend.tests.backend_test.TestAuth" name="test_bad_password_401" time="0.269" /><testcase classname="backend.tests.backend_test.TestAuth" name="test_me_current_user" time="0.330" /><testcase classname="backend.tests.backend_test.TestCourses" name="test_list_courses_public" time="0.048" /><testcase classname="backend.tests.backend_test.TestCourses" name="test_categories" time="0.053" /><testcase classname="backend.tests.backend_test.TestCourses" name="test_course_by_slug" time="0.096" /><testcase classname="backend.tests.backend_test.TestCourses" name="test_admin_create_update_delete_course" time="0.193" /><testcase classname="backend.tests.backend_test.TestLessons" name="test_lessons_locked_for_non_enrolled" time="0.470" /><testcase classname="backend.tests.backend_test.TestLessons" name="test_admin_lesson_crud" time="0.215" /><testcase classname="backend.tests.backend_test.TestEnrollments" name="test_enroll_free" time="0.119" /><testcase classname="backend.tests.backend_test.TestEnrollments" name="test_enroll_paid_via_free_400" time="0.096" /><testcase classname="backend.tests.backend_test.TestEnrollments" name="test_my_enrollments_list" time="0.057" /><testcase classname="backend.tests.backend_test.TestEnrollments" name="test_check_enrollment" time="0.056" /><testcase classname="backend.tests.backend_test.TestEnrollments" name="test_progress_and_certificate" time="0.401" /><testcase classname="backend.tests.backend_test.TestPayments" name="test_payments_config" time="0.050" /><testcase classname="backend.tests.backend_test.TestPayments" name="test_payments_initialize_503" time="0.132" /><testcase classname="backend.tests.backend_test.TestTestimonials" name="test_list_approved" time="0.056" /><testcase classname="backend.tests.backend_test.TestTestimonials" name="test_create_and_admin_approve" time="0.111" /><testcase classname="backend.tests.backend_test.TestContacts" name="test_create_contact_no_auth" time="0.044" /><testcase classname="backend.tests.backend_test.TestContacts" name="test_admin_contact_flow" time="0.201" /><testcase classname="backend.tests.backend_test.TestAdmin" name="test_stats" time="0.056" /><testcase classname="backend.tests.backend_test.TestAdmin" name="test_users_list" time="0.046" /><testcase classname="backend.tests.backend_test.TestAdmin" name="test_payments_list" time="0.047" /><testcase classname="backend.tests.backend_test.TestAdmin" name="test_non_admin_403" time="0.047" /></testsuite></testsuites>