<?xml version="1.0" encoding="utf-8"?><testsuites name="pytest tests"><testsuite name="pytest" errors="0" failures="0" skipped="0" tests="26" time="5.348" timestamp="2026-06-04T18:02:34.449072+00:00" hostname="agent-env-370154a6-48de-4463-baee-b39cefe469b6"><testcase classname="backend.tests.backend_test" name="test_health" time="0.210" /><testcase classname="backend.tests.backend_test.TestAuth" name="test_register_creates_student" time="0.282" /><testcase classname="backend.tests.backend_test.TestAuth" name="test_admin_login" time="0.290" /><testcase classname="backend.tests.backend_test.TestAuth" name="test_bad_password_401" time="0.281" /><testcase classname="backend.tests.backend_test.TestAuth" name="test_me_current_user" time="0.343" /><testcase classname="backend.tests.backend_test.TestCourses" name="test_list_courses_public" time="0.059" /><testcase classname="backend.tests.backend_test.TestCourses" name="test_categories" time="0.066" /><testcase classname="backend.tests.backend_test.TestCourses" name="test_course_by_slug" time="0.124" /><testcase classname="backend.tests.backend_test.TestCourses" name="test_admin_create_update_delete_course" time="0.241" /><testcase classname="backend.tests.backend_test.TestLessons" name="test_lessons_locked_for_non_enrolled" time="0.457" /><testcase classname="backend.tests.backend_test.TestLessons" name="test_admin_lesson_crud" time="0.219" /><testcase classname="backend.tests.backend_test.TestEnrollments" name="test_enroll_free" time="0.209" /><testcase classname="backend.tests.backend_test.TestEnrollments" name="test_enroll_paid_via_free_400" time="0.325" /><testcase classname="backend.tests.backend_test.TestEnrollments" name="test_my_enrollments_list" time="0.098" /><testcase classname="backend.tests.backend_test.TestEnrollments" name="test_check_enrollment" time="0.131" /><testcase classname="backend.tests.backend_test.TestEnrollments" name="test_progress_and_certificate" time="0.843" /><testcase classname="backend.tests.backend_test.TestPayments" name="test_payments_config" time="0.081" /><testcase classname="backend.tests.backend_test.TestPayments" name="test_payments_initialize_503" time="0.163" /><testcase classname="backend.tests.backend_test.TestTestimonials" name="test_list_approved" time="0.056" /><testcase classname="backend.tests.backend_test.TestTestimonials" name="test_create_and_admin_approve" time="0.114" /><testcase classname="backend.tests.backend_test.TestContacts" name="test_create_contact_no_auth" time="0.060" /><testcase classname="backend.tests.backend_test.TestContacts" name="test_admin_contact_flow" time="0.229" /><testcase classname="backend.tests.backend_test.TestAdmin" name="test_stats" time="0.061" /><testcase classname="backend.tests.backend_test.TestAdmin" name="test_users_list" time="0.061" /><testcase classname="backend.tests.backend_test.TestAdmin" name="test_payments_list" time="0.054" /><testcase classname="backend.tests.backend_test.TestAdmin" name="test_non_admin_403" time="0.059" /></testsuite></testsuites>